=== CRASH REPORT ===
Time: 2026-01-17 20:00:41.922
IsTerminating: True
Server: Unknown
Environment: Development

=== EXCEPTION ===
System.Exception: Design data validation failed with 34 errors. Check logs above.
   at Logic.Validation.Agent.RunDesignValidation() in E:\LOA-Server\1.1\Logic\Validation\Agent.cs:line 94
   at Logic.Design.Agent.Init(Object[] args) in E:\LOA-Server\1.1\Logic\Design\Agent.cs:line 44
   at Logic.Agent.Init(Object[] args) in E:\LOA-Server\1.1\Logic\Agent.cs:line 37
   at WorldService.Program.InitializeServer(Boolean isDevelopment, String serverId) in E:\LOA-Server\1.1\Program.cs:line 91
   at WorldService.Program.Main(String[] args) in E:\LOA-Server\1.1\Program.cs:line 58

=== LAST 1000 DEBUG LOGS ===
[2026-01-17 12:00:41.836] [Error] [VALIDATION] ========================================
[2026-01-17 12:00:41.840] [Error] [VALIDATION] FOUND 34 VALIDATION ERRORS:
[2026-01-17 12:00:41.840] [Error] [VALIDATION] ========================================
[2026-01-17 12:00:41.840] [Error] [VALIDATION] 
[2026-01-17 12:00:41.840] [Error] [VALIDATION] ERROR #1:
[2026-01-17 12:00:41.840] [Error] [VALIDATION]   Error Type: Multilingual key not found
[2026-01-17 12:00:41.840] [Error] [VALIDATION]   Module: Design
[2026-01-17 12:00:41.840] [Error] [VALIDATION]   Config Type: Mall
[2026-01-17 12:00:41.840] [Error] [VALIDATION]   Problem Value: [10]
[2026-01-17 12:00:41.840] [Error] [VALIDATION]   Details: Mall [10] references multilingual key [基础月卡] which is not defined in language csv
[2026-01-17 12:00:41.840] [Error] [VALIDATION] 
[2026-01-17 12:00:41.841] [Error] [VALIDATION] ERROR #2:
[2026-01-17 12:00:41.841] [Error] [VALIDATION]   Error Type: Multilingual key not found
[2026-01-17 12:00:41.841] [Error] [VALIDATION]   Module: Design
[2026-01-17 12:00:41.841] [Error] [VALIDATION]   Config Type: Mall
[2026-01-17 12:00:41.841] [Error] [VALIDATION]   Problem Value: [10]
[2026-01-17 12:00:41.841] [Error] [VALIDATION]   Details: Mall [10] references multilingual key [基础月卡描述] which is not defined in language csv
[2026-01-17 12:00:41.841] [Error] [VALIDATION] 
[2026-01-17 12:00:41.841] [Error] [VALIDATION] ERROR #3:
[2026-01-17 12:00:41.841] [Error] [VALIDATION]   Error Type: Multilingual key not found
[2026-01-17 12:00:41.841] [Error] [VALIDATION]   Module: Design
[2026-01-17 12:00:41.841] [Error] [VALIDATION]   Config Type: Mall
[2026-01-17 12:00:41.841] [Error] [VALIDATION]   Problem Value: [11]
[2026-01-17 12:00:41.841] [Error] [VALIDATION]   Details: Mall [11] references multilingual key [高级月卡] which is not defined in language csv
[2026-01-17 12:00:41.841] [Error] [VALIDATION] 
[2026-01-17 12:00:41.841] [Error] [VALIDATION] ERROR #4:
[2026-01-17 12:00:41.841] [Error] [VALIDATION]   Error Type: Multilingual key not found
[2026-01-17 12:00:41.841] [Error] [VALIDATION]   Module: Design
[2026-01-17 12:00:41.841] [Error] [VALIDATION]   Config Type: Mall
[2026-01-17 12:00:41.841] [Error] [VALIDATION]   Problem Value: [11]
[2026-01-17 12:00:41.841] [Error] [VALIDATION]   Details: Mall [11] references multilingual key [高级月卡描述] which is not defined in language csv
[2026-01-17 12:00:41.841] [Error] [VALIDATION] 
[2026-01-17 12:00:41.844] [Error] [VALIDATION] ERROR #5:
[2026-01-17 12:00:41.844] [Error] [VALIDATION]   Error Type: Multilingual key not found
[2026-01-17 12:00:41.845] [Error] [VALIDATION]   Module: Design
[2026-01-17 12:00:41.846] [Error] [VALIDATION]   Config Type: Mall
[2026-01-17 12:00:41.846] [Error] [VALIDATION]   Problem Value: [20]
[2026-01-17 12:00:41.846] [Error] [VALIDATION]   Details: Mall [20] references multilingual key [人物经验倍率100] which is not defined in language csv
[2026-01-17 12:00:41.846] [Error] [VALIDATION] 
[2026-01-17 12:00:41.846] [Error] [VALIDATION] ERROR #6:
[2026-01-17 12:00:41.847] [Error] [VALIDATION]   Error Type: Multilingual key not found
[2026-01-17 12:00:41.847] [Error] [VALIDATION]   Module: Design
[2026-01-17 12:00:41.847] [Error] [VALIDATION]   Config Type: Mall
[2026-01-17 12:00:41.847] [Error] [VALIDATION]   Problem Value: [20]
[2026-01-17 12:00:41.847] [Error] [VALIDATION]   Details: Mall [20] references multilingual key [人物经验倍率100描述] which is not defined in language csv
[2026-01-17 12:00:41.847] [Error] [VALIDATION] 
[2026-01-17 12:00:41.848] [Error] [VALIDATION] ERROR #7:
[2026-01-17 12:00:41.848] [Error] [VALIDATION]   Error Type: Multilingual key not found
[2026-01-17 12:00:41.848] [Error] [VALIDATION]   Module: Design
[2026-01-17 12:00:41.848] [Error] [VALIDATION]   Config Type: Mall
[2026-01-17 12:00:41.848] [Error] [VALIDATION]   Problem Value: [21]
[2026-01-17 12:00:41.848] [Error] [VALIDATION]   Details: Mall [21] references multilingual key [人物经验倍率300] which is not defined in language csv
[2026-01-17 12:00:41.848] [Error] [VALIDATION] 
[2026-01-17 12:00:41.849] [Error] [VALIDATION] ERROR #8:
[2026-01-17 12:00:41.849] [Error] [VALIDATION]   Error Type: Multilingual key not found
[2026-01-17 12:00:41.849] [Error] [VALIDATION]   Module: Design
[2026-01-17 12:00:41.849] [Error] [VALIDATION]   Config Type: Mall
[2026-01-17 12:00:41.849] [Error] [VALIDATION]   Problem Value: [21]
[2026-01-17 12:00:41.849] [Error] [VALIDATION]   Details: Mall [21] references multilingual key [人物经验倍率300描述] which is not defined in language csv
[2026-01-17 12:00:41.850] [Error] [VALIDATION] 
[2026-01-17 12:00:41.850] [Error] [VALIDATION] ERROR #9:
[2026-01-17 12:00:41.850] [Error] [VALIDATION]   Error Type: Multilingual key not found
[2026-01-17 12:00:41.850] [Error] [VALIDATION]   Module: Design
[2026-01-17 12:00:41.850] [Error] [VALIDATION]   Config Type: Mall
[2026-01-17 12:00:41.850] [Error] [VALIDATION]   Problem Value: [22]
[2026-01-17 12:00:41.851] [Error] [VALIDATION]   Details: Mall [22] references multilingual key [人物经验倍率1000] which is not defined in language csv
[2026-01-17 12:00:41.851] [Error] [VALIDATION] 
[2026-01-17 12:00:41.851] [Error] [VALIDATION] ERROR #10:
[2026-01-17 12:00:41.851] [Error] [VALIDATION]   Error Type: Multilingual key not found
[2026-01-17 12:00:41.851] [Error] [VALIDATION]   Module: Design
[2026-01-17 12:00:41.851] [Error] [VALIDATION]   Config Type: Mall
[2026-01-17 12:00:41.852] [Error] [VALIDATION]   Problem Value: [22]
[2026-01-17 12:00:41.852] [Error] [VALIDATION]   Details: Mall [22] references multilingual key [人物经验倍率1000描述] which is not defined in language csv
[2026-01-17 12:00:41.852] [Error] [VALIDATION] 
[2026-01-17 12:00:41.853] [Error] [VALIDATION] ERROR #11:
[2026-01-17 12:00:41.853] [Error] [VALIDATION]   Error Type: Multilingual key not found
[2026-01-17 12:00:41.853] [Error] [VALIDATION]   Module: Design
[2026-01-17 12:00:41.853] [Error] [VALIDATION]   Config Type: Mall
[2026-01-17 12:00:41.853] [Error] [VALIDATION]   Problem Value: [23]
[2026-01-17 12:00:41.853] [Error] [VALIDATION]   Details: Mall [23] references multilingual key [人物经验倍率3000] which is not defined in language csv
[2026-01-17 12:00:41.853] [Error] [VALIDATION] 
[2026-01-17 12:00:41.854] [Error] [VALIDATION] ERROR #12:
[2026-01-17 12:00:41.854] [Error] [VALIDATION]   Error Type: Multilingual key not found
[2026-01-17 12:00:41.854] [Error] [VALIDATION]   Module: Design
[2026-01-17 12:00:41.854] [Error] [VALIDATION]   Config Type: Mall
[2026-01-17 12:00:41.854] [Error] [VALIDATION]   Problem Value: [23]
[2026-01-17 12:00:41.854] [Error] [VALIDATION]   Details: Mall [23] references multilingual key [人物经验倍率3000描述] which is not defined in language csv
[2026-01-17 12:00:41.854] [Error] [VALIDATION] 
[2026-01-17 12:00:41.855] [Error] [VALIDATION] ERROR #13:
[2026-01-17 12:00:41.855] [Error] [VALIDATION]   Error Type: Multilingual key not found
[2026-01-17 12:00:41.855] [Error] [VALIDATION]   Module: Design
[2026-01-17 12:00:41.855] [Error] [VALIDATION]   Config Type: Mall
[2026-01-17 12:00:41.855] [Error] [VALIDATION]   Problem Value: [24]
[2026-01-17 12:00:41.855] [Error] [VALIDATION]   Details: Mall [24] references multilingual key [人物经验倍率10000] which is not defined in language csv
[2026-01-17 12:00:41.855] [Error] [VALIDATION] 
[2026-01-17 12:00:41.856] [Error] [VALIDATION] ERROR #14:
[2026-01-17 12:00:41.856] [Error] [VALIDATION]   Error Type: Multilingual key not found
[2026-01-17 12:00:41.856] [Error] [VALIDATION]   Module: Design
[2026-01-17 12:00:41.856] [Error] [VALIDATION]   Config Type: Mall
[2026-01-17 12:00:41.856] [Error] [VALIDATION]   Problem Value: [24]
[2026-01-17 12:00:41.856] [Error] [VALIDATION]   Details: Mall [24] references multilingual key [人物经验倍率10000描述] which is not defined in language csv
[2026-01-17 12:00:41.857] [Error] [VALIDATION] 
[2026-01-17 12:00:41.857] [Error] [VALIDATION] ERROR #15:
[2026-01-17 12:00:41.857] [Error] [VALIDATION]   Error Type: Multilingual key not found
[2026-01-17 12:00:41.857] [Error] [VALIDATION]   Module: Design
[2026-01-17 12:00:41.857] [Error] [VALIDATION]   Config Type: Mall
[2026-01-17 12:00:41.857] [Error] [VALIDATION]   Problem Value: [30]
[2026-01-17 12:00:41.858] [Error] [VALIDATION]   Details: Mall [30] references multilingual key [技能经验倍率100] which is not defined in language csv
[2026-01-17 12:00:41.858] [Error] [VALIDATION] 
[2026-01-17 12:00:41.858] [Error] [VALIDATION] ERROR #16:
[2026-01-17 12:00:41.858] [Error] [VALIDATION]   Error Type: Multilingual key not found
[2026-01-17 12:00:41.858] [Error] [VALIDATION]   Module: Design
[2026-01-17 12:00:41.858] [Error] [VALIDATION]   Config Type: Mall
[2026-01-17 12:00:41.858] [Error] [VALIDATION]   Problem Value: [30]
[2026-01-17 12:00:41.858] [Error] [VALIDATION]   Details: Mall [30] references multilingual key [技能经验倍率100描述] which is not defined in language csv
[2026-01-17 12:00:41.859] [Error] [VALIDATION] 
[2026-01-17 12:00:41.861] [Error] [VALIDATION] ERROR #17:
[2026-01-17 12:00:41.861] [Error] [VALIDATION]   Error Type: Multilingual key not found
[2026-01-17 12:00:41.862] [Error] [VALIDATION]   Module: Design
[2026-01-17 12:00:41.862] [Error] [VALIDATION]   Config Type: Mall
[2026-01-17 12:00:41.863] [Error] [VALIDATION]   Problem Value: [31]
[2026-01-17 12:00:41.863] [Error] [VALIDATION]   Details: Mall [31] references multilingual key [技能经验倍率300] which is not defined in language csv
[2026-01-17 12:00:41.864] [Error] [VALIDATION] 
[2026-01-17 12:00:41.864] [Error] [VALIDATION] ERROR #18:
[2026-01-17 12:00:41.864] [Error] [VALIDATION]   Error Type: Multilingual key not found
[2026-01-17 12:00:41.865] [Error] [VALIDATION]   Module: Design
[2026-01-17 12:00:41.865] [Error] [VALIDATION]   Config Type: Mall
[2026-01-17 12:00:41.865] [Error] [VALIDATION]   Problem Value: [31]
[2026-01-17 12:00:41.865] [Error] [VALIDATION]   Details: Mall [31] references multilingual key [技能经验倍率300描述] which is not defined in language csv
[2026-01-17 12:00:41.866] [Error] [VALIDATION] 
[2026-01-17 12:00:41.866] [Error] [VALIDATION] ERROR #19:
[2026-01-17 12:00:41.866] [Error] [VALIDATION]   Error Type: Multilingual key not found
[2026-01-17 12:00:41.866] [Error] [VALIDATION]   Module: Design
[2026-01-17 12:00:41.866] [Error] [VALIDATION]   Config Type: Mall
[2026-01-17 12:00:41.867] [Error] [VALIDATION]   Problem Value: [32]
[2026-01-17 12:00:41.867] [Error] [VALIDATION]   Details: Mall [32] references multilingual key [技能经验倍率1000] which is not defined in language csv
[2026-01-17 12:00:41.867] [Error] [VALIDATION] 
[2026-01-17 12:00:41.867] [Error] [VALIDATION] ERROR #20:
[2026-01-17 12:00:41.867] [Error] [VALIDATION]   Error Type: Multilingual key not found
[2026-01-17 12:00:41.867] [Error] [VALIDATION]   Module: Design
[2026-01-17 12:00:41.867] [Error] [VALIDATION]   Config Type: Mall
[2026-01-17 12:00:41.867] [Error] [VALIDATION]   Problem Value: [32]
[2026-01-17 12:00:41.867] [Error] [VALIDATION]   Details: Mall [32] references multilingual key [技能经验倍率1000描述] which is not defined in language csv
[2026-01-17 12:00:41.873] [Error] [VALIDATION] 
[2026-01-17 12:00:41.874] [Error] [VALIDATION] ERROR #21:
[2026-01-17 12:00:41.874] [Error] [VALIDATION]   Error Type: Multilingual key not found
[2026-01-17 12:00:41.874] [Error] [VALIDATION]   Module: Design
[2026-01-17 12:00:41.876] [Error] [VALIDATION]   Config Type: Mall
[2026-01-17 12:00:41.876] [Error] [VALIDATION]   Problem Value: [33]
[2026-01-17 12:00:41.877] [Error] [VALIDATION]   Details: Mall [33] references multilingual key [技能经验倍率3000] which is not defined in language csv
[2026-01-17 12:00:41.877] [Error] [VALIDATION] 
[2026-01-17 12:00:41.877] [Error] [VALIDATION] ERROR #22:
[2026-01-17 12:00:41.877] [Error] [VALIDATION]   Error Type: Multilingual key not found
[2026-01-17 12:00:41.877] [Error] [VALIDATION]   Module: Design
[2026-01-17 12:00:41.877] [Error] [VALIDATION]   Config Type: Mall
[2026-01-17 12:00:41.878] [Error] [VALIDATION]   Problem Value: [33]
[2026-01-17 12:00:41.878] [Error] [VALIDATION]   Details: Mall [33] references multilingual key [技能经验倍率3000描述] which is not defined in language csv
[2026-01-17 12:00:41.878] [Error] [VALIDATION] 
[2026-01-17 12:00:41.878] [Error] [VALIDATION] ERROR #23:
[2026-01-17 12:00:41.878] [Error] [VALIDATION]   Error Type: Multilingual key not found
[2026-01-17 12:00:41.878] [Error] [VALIDATION]   Module: Design
[2026-01-17 12:00:41.878] [Error] [VALIDATION]   Config Type: Mall
[2026-01-17 12:00:41.879] [Error] [VALIDATION]   Problem Value: [34]
[2026-01-17 12:00:41.879] [Error] [VALIDATION]   Details: Mall [34] references multilingual key [技能经验倍率10000] which is not defined in language csv
[2026-01-17 12:00:41.879] [Error] [VALIDATION] 
[2026-01-17 12:00:41.879] [Error] [VALIDATION] ERROR #24:
[2026-01-17 12:00:41.879] [Error] [VALIDATION]   Error Type: Multilingual key not found
[2026-01-17 12:00:41.879] [Error] [VALIDATION]   Module: Design
[2026-01-17 12:00:41.880] [Error] [VALIDATION]   Config Type: Mall
[2026-01-17 12:00:41.880] [Error] [VALIDATION]   Problem Value: [34]
[2026-01-17 12:00:41.880] [Error] [VALIDATION]   Details: Mall [34] references multilingual key [技能经验倍率10000描述] which is not defined in language csv
[2026-01-17 12:00:41.880] [Error] [VALIDATION] 
[2026-01-17 12:00:41.880] [Error] [VALIDATION] ERROR #25:
[2026-01-17 12:00:41.880] [Error] [VALIDATION]   Error Type: Multilingual key not found
[2026-01-17 12:00:41.881] [Error] [VALIDATION]   Module: Design
[2026-01-17 12:00:41.881] [Error] [VALIDATION]   Config Type: Mall
[2026-01-17 12:00:41.881] [Error] [VALIDATION]   Problem Value: [40]
[2026-01-17 12:00:41.881] [Error] [VALIDATION]   Details: Mall [40] references multilingual key [宠物经验倍率100] which is not defined in language csv
[2026-01-17 12:00:41.881] [Error] [VALIDATION] 
[2026-01-17 12:00:41.881] [Error] [VALIDATION] ERROR #26:
[2026-01-17 12:00:41.881] [Error] [VALIDATION]   Error Type: Multilingual key not found
[2026-01-17 12:00:41.881] [Error] [VALIDATION]   Module: Design
[2026-01-17 12:00:41.882] [Error] [VALIDATION]   Config Type: Mall
[2026-01-17 12:00:41.882] [Error] [VALIDATION]   Problem Value: [40]
[2026-01-17 12:00:41.882] [Error] [VALIDATION]   Details: Mall [40] references multilingual key [宠物经验倍率100描述] which is not defined in language csv
[2026-01-17 12:00:41.882] [Error] [VALIDATION] 
[2026-01-17 12:00:41.882] [Error] [VALIDATION] ERROR #27:
[2026-01-17 12:00:41.883] [Error] [VALIDATION]   Error Type: Multilingual key not found
[2026-01-17 12:00:41.883] [Error] [VALIDATION]   Module: Design
[2026-01-17 12:00:41.883] [Error] [VALIDATION]   Config Type: Mall
[2026-01-17 12:00:41.883] [Error] [VALIDATION]   Problem Value: [41]
[2026-01-17 12:00:41.883] [Error] [VALIDATION]   Details: Mall [41] references multilingual key [宠物经验倍率300] which is not defined in language csv
[2026-01-17 12:00:41.884] [Error] [VALIDATION] 
[2026-01-17 12:00:41.884] [Error] [VALIDATION] ERROR #28:
[2026-01-17 12:00:41.884] [Error] [VALIDATION]   Error Type: Multilingual key not found
[2026-01-17 12:00:41.884] [Error] [VALIDATION]   Module: Design
[2026-01-17 12:00:41.885] [Error] [VALIDATION]   Config Type: Mall
[2026-01-17 12:00:41.885] [Error] [VALIDATION]   Problem Value: [41]
[2026-01-17 12:00:41.885] [Error] [VALIDATION]   Details: Mall [41] references multilingual key [宠物经验倍率300描述] which is not defined in language csv
[2026-01-17 12:00:41.885] [Error] [VALIDATION] 
[2026-01-17 12:00:41.886] [Error] [VALIDATION] ERROR #29:
[2026-01-17 12:00:41.886] [Error] [VALIDATION]   Error Type: Multilingual key not found
[2026-01-17 12:00:41.886] [Error] [VALIDATION]   Module: Design
[2026-01-17 12:00:41.886] [Error] [VALIDATION]   Config Type: Mall
[2026-01-17 12:00:41.886] [Error] [VALIDATION]   Problem Value: [42]
[2026-01-17 12:00:41.886] [Error] [VALIDATION]   Details: Mall [42] references multilingual key [宠物经验倍率1000] which is not defined in language csv
[2026-01-17 12:00:41.886] [Error] [VALIDATION] 
[2026-01-17 12:00:41.886] [Error] [VALIDATION] ERROR #30:
[2026-01-17 12:00:41.887] [Error] [VALIDATION]   Error Type: Multilingual key not found
[2026-01-17 12:00:41.887] [Error] [VALIDATION]   Module: Design
[2026-01-17 12:00:41.887] [Error] [VALIDATION]   Config Type: Mall
[2026-01-17 12:00:41.887] [Error] [VALIDATION]   Problem Value: [42]
[2026-01-17 12:00:41.887] [Error] [VALIDATION]   Details: Mall [42] references multilingual key [宠物经验倍率1000描述] which is not defined in language csv
[2026-01-17 12:00:41.887] [Error] [VALIDATION] 
[2026-01-17 12:00:41.887] [Error] [VALIDATION] ERROR #31:
[2026-01-17 12:00:41.889] [Error] [VALIDATION]   Error Type: Multilingual key not found
[2026-01-17 12:00:41.889] [Error] [VALIDATION]   Module: Design
[2026-01-17 12:00:41.889] [Error] [VALIDATION]   Config Type: Mall
[2026-01-17 12:00:41.890] [Error] [VALIDATION]   Problem Value: [43]
[2026-01-17 12:00:41.890] [Error] [VALIDATION]   Details: Mall [43] references multilingual key [宠物经验倍率3000] which is not defined in language csv
[2026-01-17 12:00:41.893] [Error] [VALIDATION] 
[2026-01-17 12:00:41.896] [Error] [VALIDATION] ERROR #32:
[2026-01-17 12:00:41.897] [Error] [VALIDATION]   Error Type: Multilingual key not found
[2026-01-17 12:00:41.898] [Error] [VALIDATION]   Module: Design
[2026-01-17 12:00:41.899] [Error] [VALIDATION]   Config Type: Mall
[2026-01-17 12:00:41.899] [Error] [VALIDATION]   Problem Value: [43]
[2026-01-17 12:00:41.899] [Error] [VALIDATION]   Details: Mall [43] references multilingual key [宠物经验倍率3000描述] which is not defined in language csv
[2026-01-17 12:00:41.900] [Error] [VALIDATION] 
[2026-01-17 12:00:41.900] [Error] [VALIDATION] ERROR #33:
[2026-01-17 12:00:41.900] [Error] [VALIDATION]   Error Type: Multilingual key not found
[2026-01-17 12:00:41.900] [Error] [VALIDATION]   Module: Design
[2026-01-17 12:00:41.901] [Error] [VALIDATION]   Config Type: Mall
[2026-01-17 12:00:41.901] [Error] [VALIDATION]   Problem Value: [44]
[2026-01-17 12:00:41.901] [Error] [VALIDATION]   Details: Mall [44] references multilingual key [宠物经验倍率10000] which is not defined in language csv
[2026-01-17 12:00:41.901] [Error] [VALIDATION] 
[2026-01-17 12:00:41.901] [Error] [VALIDATION] ERROR #34:
[2026-01-17 12:00:41.901] [Error] [VALIDATION]   Error Type: Multilingual key not found
[2026-01-17 12:00:41.901] [Error] [VALIDATION]   Module: Design
[2026-01-17 12:00:41.902] [Error] [VALIDATION]   Config Type: Mall
[2026-01-17 12:00:41.902] [Error] [VALIDATION]   Problem Value: [44]
[2026-01-17 12:00:41.902] [Error] [VALIDATION]   Details: Mall [44] references multilingual key [宠物经验倍率10000描述] which is not defined in language csv
[2026-01-17 12:00:41.902] [Error] [VALIDATION] 
[2026-01-17 12:00:41.902] [Error] [VALIDATION] ========================================
[2026-01-17 12:00:41.903] [Error] [VALIDATION] 
[2026-01-17 12:00:41.903] [Error] [VALIDATION] Missing Multilingual Keys (copy to CSV):
[2026-01-17 12:00:41.904] [Error] [VALIDATION] ========================================
[2026-01-17 12:00:41.912] [Error] [VALIDATION] ========================================
[2026-01-17 12:00:41.926] [Fatal] [FATAL] 捕获未处理异常，开始紧急保存数据...
[2026-01-17 12:00:41.958] [Fatal] [FATAL] 异常信息: System.Exception: Design data validation failed with 34 errors. Check logs above.
   at Logic.Validation.Agent.RunDesignValidation() in E:\LOA-Server\1.1\Logic\Validation\Agent.cs:line 94
   at Logic.Design.Agent.Init(Object[] args) in E:\LOA-Server\1.1\Logic\Design\Agent.cs:line 44
   at Logic.Agent.Init(Object[] args) in E:\LOA-Server\1.1\Logic\Agent.cs:line 37
   at WorldService.Program.InitializeServer(Boolean isDevelopment, String serverId) in E:\LOA-Server\1.1\Program.cs:line 91
   at WorldService.Program.Main(String[] args) in E:\LOA-Server\1.1\Program.cs:line 58
[2026-01-17 12:00:41.962] [Fatal] [FATAL] 基础崩溃信息已保存
