=== CRASH REPORT ===
Time: 2025-12-14 19:31:04.563
IsTerminating: True
Server: Unknown
Environment: Development

=== EXCEPTION ===
System.ArgumentException: Requested value '{state}的{crimes}{category}{group}。' was not found.
   at System.Enum.TryParseByName[TStorage](RuntimeType enumType, ReadOnlySpan`1 value, Boolean ignoreCase, Boolean throwOnFailure, TStorage& result)
   at System.Enum.TryParseByValueOrName[TUnderlying,TStorage](RuntimeType enumType, ReadOnlySpan`1 value, Boolean ignoreCase, Boolean throwOnFailure, TUnderlying& result)
   at System.Enum.TryParse(Type enumType, ReadOnlySpan`1 value, Boolean ignoreCase, Boolean throwOnFailure, Object& result)
   at System.Enum.Parse(Type enumType, String value, Boolean ignoreCase)
   at Logic.Text.Init(Object[] args) in E:\LOA-Server\1.1\Logic\Texts.cs:line 307
   at Logic.Agent.Init(Object[] args) in E:\LOA-Server\1.1\Logic\Agent.cs:line 42
   at WorldService.Program.InitializeServer(Boolean isDevelopment, String serverId) in E:\LOA-Server\1.1\Program.cs:line 90
   at WorldService.Program.Main(String[] args) in E:\LOA-Server\1.1\Program.cs:line 57

=== LAST 1000 DEBUG LOGS ===
[2025-12-14 11:31:04.564] [Fatal] [FATAL] 捕获未处理异常，开始紧急保存数据...
[2025-12-14 11:31:04.588] [Fatal] [FATAL] 异常信息: System.ArgumentException: Requested value '{state}的{crimes}{category}{group}。' was not found.
   at System.Enum.TryParseByName[TStorage](RuntimeType enumType, ReadOnlySpan`1 value, Boolean ignoreCase, Boolean throwOnFailure, TStorage& result)
   at System.Enum.TryParseByValueOrName[TUnderlying,TStorage](RuntimeType enumType, ReadOnlySpan`1 value, Boolean ignoreCase, Boolean throwOnFailure, TUnderlying& result)
   at System.Enum.TryParse(Type enumType, ReadOnlySpan`1 value, Boolean ignoreCase, Boolean throwOnFailure, Object& result)
   at System.Enum.Parse(Type enumType, String value, Boolean ignoreCase)
   at Logic.Text.Init(Object[] args) in E:\LOA-Server\1.1\Logic\Texts.cs:line 307
   at Logic.Agent.Init(Object[] args) in E:\LOA-Server\1.1\Logic\Agent.cs:line 42
   at WorldService.Program.InitializeServer(Boolean isDevelopment, String serverId) in E:\LOA-Server\1.1\Program.cs:line 90
   at WorldService.Program.Main(String[] args) in E:\LOA-Server\1.1\Program.cs:line 57
[2025-12-14 11:31:04.589] [Fatal] [FATAL] 基础崩溃信息已保存
